<?xml version="1.0" encoding="UTF-8"?>
<!-- Generated by org.testng.reporters.JUnitXMLReporter -->
<testsuite ignored="0" hostname="WIN-Q4EGG6AO2S8" failures="1" tests="1" name="Test" time="16.29" errors="0" timestamp="2021-10-02T12:10:51 IST">
  <testcase classname="mvn.demo.Ecom_tc_3" name="checkcart" time="16.26">
    <failure type="org.openqa.selenium.StaleElementReferenceException" message="The element &amp;apos;By.id: android:id/text1&amp;apos; does not exist in DOM anymore
For documentation on this error, please visit: https://www.seleniumhq.org/exceptions/stale_element_reference.html
Build info: version: &amp;apos;3.141.59&amp;apos;, revision: &amp;apos;e82be7d358&amp;apos;, time: &amp;apos;2018-11-14T08:17:03&amp;apos;
System info: host: &amp;apos;WIN-Q4EGG6AO2S8&amp;apos;, ip: &amp;apos;192.168.11.37&amp;apos;, os.name: &amp;apos;Windows 10&amp;apos;, os.arch: &amp;apos;amd64&amp;apos;, os.version: &amp;apos;10.0&amp;apos;, java.version: &amp;apos;17&amp;apos;
Driver info: io.appium.java_client.android.AndroidDriver
Capabilities {app: C:\Users\chintan.tank\eclip..., appPackage: com.androidsample.generalstore, automationName: uiautomator2, databaseEnabled: false, desired: {app: C:\Users\chintan.tank\eclip..., automationName: uiautomator2, deviceName: Galaxy F41, platformName: android, platformVersion: 11, udid: RZ8N93FHNCW}, deviceApiLevel: 30, deviceManufacturer: samsung, deviceModel: SM-F415F, deviceName: RZ8N93FHNCW, deviceScreenDensity: 420, deviceScreenSize: 1080x2340, deviceUDID: RZ8N93FHNCW, javascriptEnabled: true, locationContextEnabled: false, networkConnectionEnabled: true, pixelRatio: 2.625, platform: LINUX, platformName: Android, platformVersion: 11, statBarHeight: 78, takesScreenshot: true, udid: RZ8N93FHNCW, viewportRect: {height: 2053, left: 0, top: 78, width: 1080}, warnings: {}, webStorageEnabled: false}
Session ID: aa63debb-88b4-4174-8e97-1e59c1f48849">
      <![CDATA[org.openqa.selenium.StaleElementReferenceException: The element 'By.id: android:id/text1' does not exist in DOM anymore
For documentation on this error, please visit: https://www.seleniumhq.org/exceptions/stale_element_reference.html
Build info: version: '3.141.59', revision: 'e82be7d358', time: '2018-11-14T08:17:03'
System info: host: 'WIN-Q4EGG6AO2S8', ip: '192.168.11.37', os.name: 'Windows 10', os.arch: 'amd64', os.version: '10.0', java.version: '17'
Driver info: io.appium.java_client.android.AndroidDriver
Capabilities {app: C:\Users\chintan.tank\eclip..., appPackage: com.androidsample.generalstore, automationName: uiautomator2, databaseEnabled: false, desired: {app: C:\Users\chintan.tank\eclip..., automationName: uiautomator2, deviceName: Galaxy F41, platformName: android, platformVersion: 11, udid: RZ8N93FHNCW}, deviceApiLevel: 30, deviceManufacturer: samsung, deviceModel: SM-F415F, deviceName: RZ8N93FHNCW, deviceScreenDensity: 420, deviceScreenSize: 1080x2340, deviceUDID: RZ8N93FHNCW, javascriptEnabled: true, locationContextEnabled: false, networkConnectionEnabled: true, pixelRatio: 2.625, platform: LINUX, platformName: Android, platformVersion: 11, statBarHeight: 78, takesScreenshot: true, udid: RZ8N93FHNCW, viewportRect: {height: 2053, left: 0, top: 78, width: 1080}, warnings: {}, webStorageEnabled: false}
Session ID: aa63debb-88b4-4174-8e97-1e59c1f48849
at org.openqa.selenium.remote.http.W3CHttpResponseCodec.createException(W3CHttpResponseCodec.java:187)
at org.openqa.selenium.remote.http.W3CHttpResponseCodec.decode(W3CHttpResponseCodec.java:122)
at org.openqa.selenium.remote.http.W3CHttpResponseCodec.decode(W3CHttpResponseCodec.java:49)
at org.openqa.selenium.remote.HttpCommandExecutor.execute(HttpCommandExecutor.java:158)
at io.appium.java_client.remote.AppiumCommandExecutor.execute(AppiumCommandExecutor.java:247)
at org.openqa.selenium.remote.RemoteWebDriver.execute(RemoteWebDriver.java:552)
at io.appium.java_client.DefaultGenericMobileDriver.execute(DefaultGenericMobileDriver.java:41)
at io.appium.java_client.AppiumDriver.execute(AppiumDriver.java:1)
at io.appium.java_client.android.AndroidDriver.execute(AndroidDriver.java:1)
at org.openqa.selenium.remote.RemoteWebElement.execute(RemoteWebElement.java:285)
at io.appium.java_client.DefaultGenericMobileElement.execute(DefaultGenericMobileElement.java:45)
at io.appium.java_client.MobileElement.execute(MobileElement.java:1)
at io.appium.java_client.android.AndroidElement.execute(AndroidElement.java:1)
at org.openqa.selenium.remote.RemoteWebElement.click(RemoteWebElement.java:84)
at mvn.demo.Ecom_tc_3.checkcart(Ecom_tc_3.java:56)
at java.base/java.util.ArrayList.forEach(ArrayList.java:1511)
... Removed 32 stack frames]]>
    </failure>
  </testcase> <!-- checkcart -->
</testsuite> <!-- Test -->
