<?xml version="1.0" encoding="UTF-8"?>
<testng-results ignored="0" total="1" passed="1" failed="0" skipped="0">
  <reporter-output>
  </reporter-output>
  <suite started-at="2021-10-05T13:43:30 IST" name="Suite" finished-at="2021-10-05T13:44:02 IST" duration-ms="31937">
    <groups>
    </groups>
    <test started-at="2021-10-05T13:43:30 IST" name="Test" finished-at="2021-10-05T13:44:02 IST" duration-ms="31937">
      <class name="mvn.demo.Ecom_tc_3">
        <test-method signature="checkcart()[pri:0, instance:mvn.demo.Ecom_tc_3@fba92d3]" started-at="2021-10-05T13:43:30 IST" name="checkcart" finished-at="2021-10-05T13:44:02 IST" duration-ms="31911" status="PASS">
          <reporter-output>
          </reporter-output>
        </test-method> <!-- checkcart -->
      </class> <!-- mvn.demo.Ecom_tc_3 -->
    </test> <!-- Test -->
  </suite> <!-- Suite -->
</testng-results>
